<?xml version="1.0" encoding="UTF-8"?>
<testng-results ignored="0" total="7" passed="6" failed="1" skipped="0">
  <reporter-output>
  </reporter-output>
  <suite started-at="2022-05-05T01:36:12 IST" name="Default suite" finished-at="2022-05-05T01:40:00 IST" duration-ms="227966">
    <groups>
    </groups>
    <test started-at="2022-05-05T01:36:12 IST" name="Default test" finished-at="2022-05-05T01:40:00 IST" duration-ms="227966">
      <class name="com.amazon.TestClasses.OpenLinkTestClass">
        <test-method is-config="true" signature="setUpMethod()[pri:0, instance:com.amazon.TestClasses.OpenLinkTestClass@71def8f8]" started-at="2022-05-05T01:36:12 IST" name="setUpMethod" finished-at="2022-05-05T01:37:04 IST" duration-ms="52024" status="PASS">
          <reporter-output>
          </reporter-output>
        </test-method> <!-- setUpMethod -->
        <test-method signature="linkOpen(java.lang.String)[pri:0, instance:com.amazon.TestClasses.OpenLinkTestClass@71def8f8]" started-at="2022-05-05T01:37:04 IST" name="linkOpen" data-provider="LinkName" finished-at="2022-05-05T01:37:12 IST" duration-ms="7614" status="PASS">
          <params>
            <param index="0">
              <value>
                <![CDATA[COVID-19 and Amazon]]>
              </value>
            </param>
          </params>
          <reporter-output>
          </reporter-output>
        </test-method> <!-- linkOpen -->
        <test-method is-config="true" signature="tearDown()[pri:0, instance:com.amazon.TestClasses.OpenLinkTestClass@71def8f8]" started-at="2022-05-05T01:37:12 IST" name="tearDown" finished-at="2022-05-05T01:37:13 IST" duration-ms="1351" status="PASS">
          <reporter-output>
          </reporter-output>
        </test-method> <!-- tearDown -->
        <test-method is-config="true" signature="setUpMethod()[pri:0, instance:com.amazon.TestClasses.OpenLinkTestClass@71def8f8]" started-at="2022-05-05T01:37:13 IST" name="setUpMethod" finished-at="2022-05-05T01:37:27 IST" duration-ms="14528" status="PASS">
          <reporter-output>
          </reporter-output>
        </test-method> <!-- setUpMethod -->
        <test-method signature="linkOpen(java.lang.String)[pri:0, instance:com.amazon.TestClasses.OpenLinkTestClass@71def8f8]" started-at="2022-05-05T01:37:27 IST" name="linkOpen" data-provider="LinkName" finished-at="2022-05-05T01:37:32 IST" duration-ms="4548" status="PASS">
          <params>
            <param index="0">
              <value>
                <![CDATA[Your Account]]>
              </value>
            </param>
          </params>
          <reporter-output>
          </reporter-output>
        </test-method> <!-- linkOpen -->
        <test-method is-config="true" signature="tearDown()[pri:0, instance:com.amazon.TestClasses.OpenLinkTestClass@71def8f8]" started-at="2022-05-05T01:37:32 IST" name="tearDown" finished-at="2022-05-05T01:37:33 IST" duration-ms="977" status="PASS">
          <reporter-output>
          </reporter-output>
        </test-method> <!-- tearDown -->
        <test-method is-config="true" signature="setUpMethod()[pri:0, instance:com.amazon.TestClasses.OpenLinkTestClass@71def8f8]" started-at="2022-05-05T01:37:33 IST" name="setUpMethod" finished-at="2022-05-05T01:37:49 IST" duration-ms="16337" status="PASS">
          <reporter-output>
          </reporter-output>
        </test-method> <!-- setUpMethod -->
        <test-method signature="linkOpen(java.lang.String)[pri:0, instance:com.amazon.TestClasses.OpenLinkTestClass@71def8f8]" started-at="2022-05-05T01:37:49 IST" name="linkOpen" data-provider="LinkName" finished-at="2022-05-05T01:37:56 IST" duration-ms="6245" status="PASS">
          <params>
            <param index="0">
              <value>
                <![CDATA[Returns Centre]]>
              </value>
            </param>
          </params>
          <reporter-output>
          </reporter-output>
        </test-method> <!-- linkOpen -->
        <test-method is-config="true" signature="tearDown()[pri:0, instance:com.amazon.TestClasses.OpenLinkTestClass@71def8f8]" started-at="2022-05-05T01:37:56 IST" name="tearDown" finished-at="2022-05-05T01:37:57 IST" duration-ms="996" status="PASS">
          <reporter-output>
          </reporter-output>
        </test-method> <!-- tearDown -->
        <test-method is-config="true" signature="setUpMethod()[pri:0, instance:com.amazon.TestClasses.OpenLinkTestClass@71def8f8]" started-at="2022-05-05T01:37:57 IST" name="setUpMethod" finished-at="2022-05-05T01:38:11 IST" duration-ms="13941" status="PASS">
          <reporter-output>
          </reporter-output>
        </test-method> <!-- setUpMethod -->
        <test-method signature="linkOpen(java.lang.String)[pri:0, instance:com.amazon.TestClasses.OpenLinkTestClass@71def8f8]" started-at="2022-05-05T01:38:11 IST" name="linkOpen" data-provider="LinkName" finished-at="2022-05-05T01:38:15 IST" duration-ms="4810" status="PASS">
          <params>
            <param index="0">
              <value>
                <![CDATA[100% Purchase Protection]]>
              </value>
            </param>
          </params>
          <reporter-output>
          </reporter-output>
        </test-method> <!-- linkOpen -->
        <test-method is-config="true" signature="tearDown()[pri:0, instance:com.amazon.TestClasses.OpenLinkTestClass@71def8f8]" started-at="2022-05-05T01:38:15 IST" name="tearDown" finished-at="2022-05-05T01:38:16 IST" duration-ms="1008" status="PASS">
          <reporter-output>
          </reporter-output>
        </test-method> <!-- tearDown -->
        <test-method is-config="true" signature="setUpMethod()[pri:0, instance:com.amazon.TestClasses.OpenLinkTestClass@71def8f8]" started-at="2022-05-05T01:38:16 IST" name="setUpMethod" finished-at="2022-05-05T01:38:32 IST" duration-ms="15108" status="PASS">
          <reporter-output>
          </reporter-output>
        </test-method> <!-- setUpMethod -->
        <test-method signature="linkOpen(java.lang.String)[pri:0, instance:com.amazon.TestClasses.OpenLinkTestClass@71def8f8]" started-at="2022-05-05T01:38:32 IST" name="linkOpen" data-provider="LinkName" finished-at="2022-05-05T01:38:54 IST" duration-ms="22404" status="FAIL">
          <params>
            <param index="0">
              <value>
                <![CDATA[Amazon App Download]]>
              </value>
            </param>
          </params>
          <exception class="java.lang.IndexOutOfBoundsException">
            <message>
              <![CDATA[Index 1 out of bounds for length 1]]>
            </message>
            <full-stacktrace>
              <![CDATA[java.lang.IndexOutOfBoundsException: Index 1 out of bounds for length 1
at java.base/jdk.internal.util.Preconditions.outOfBounds(Preconditions.java:64)
at java.base/jdk.internal.util.Preconditions.outOfBoundsCheckIndex(Preconditions.java:70)
at java.base/jdk.internal.util.Preconditions.checkIndex(Preconditions.java:248)
at java.base/java.util.Objects.checkIndex(Objects.java:372)
at java.base/java.util.ArrayList.get(ArrayList.java:459)
at com.amazon.TestClasses.OpenLinkTestClass.linkOpen(OpenLinkTestClass.java:19)
at java.base/jdk.internal.reflect.NativeMethodAccessorImpl.invoke0(Native Method)
at java.base/jdk.internal.reflect.NativeMethodAccessorImpl.invoke(NativeMethodAccessorImpl.java:62)
at java.base/jdk.internal.reflect.DelegatingMethodAccessorImpl.invoke(DelegatingMethodAccessorImpl.java:43)
at java.base/java.lang.reflect.Method.invoke(Method.java:566)
at org.testng.internal.MethodInvocationHelper.invokeMethod(MethodInvocationHelper.java:133)
at org.testng.internal.TestInvoker.invokeMethod(TestInvoker.java:598)
at org.testng.internal.TestInvoker.invokeTestMethod(TestInvoker.java:173)
at org.testng.internal.MethodRunner.runInSequence(MethodRunner.java:46)
at org.testng.internal.TestInvoker$MethodInvocationAgent.invoke(TestInvoker.java:824)
at org.testng.internal.TestInvoker.invokeTestMethods(TestInvoker.java:146)
at org.testng.internal.TestMethodWorker.invokeTestMethods(TestMethodWorker.java:146)
at org.testng.internal.TestMethodWorker.run(TestMethodWorker.java:128)
at java.base/java.util.ArrayList.forEach(ArrayList.java:1541)
at org.testng.TestRunner.privateRun(TestRunner.java:794)
at org.testng.TestRunner.run(TestRunner.java:596)
at org.testng.SuiteRunner.runTest(SuiteRunner.java:377)
at org.testng.SuiteRunner.runSequentially(SuiteRunner.java:371)
at org.testng.SuiteRunner.privateRun(SuiteRunner.java:332)
at org.testng.SuiteRunner.run(SuiteRunner.java:276)
at org.testng.SuiteRunnerWorker.runSuite(SuiteRunnerWorker.java:53)
at org.testng.SuiteRunnerWorker.run(SuiteRunnerWorker.java:96)
at org.testng.TestNG.runSuitesSequentially(TestNG.java:1212)
at org.testng.TestNG.runSuitesLocally(TestNG.java:1134)
at org.testng.TestNG.runSuites(TestNG.java:1063)
at org.testng.TestNG.run(TestNG.java:1031)
at org.testng.remote.AbstractRemoteTestNG.run(AbstractRemoteTestNG.java:115)
at org.testng.remote.RemoteTestNG.initAndRun(RemoteTestNG.java:251)
at org.testng.remote.RemoteTestNG.main(RemoteTestNG.java:77)
]]>
            </full-stacktrace>
          </exception> <!-- java.lang.IndexOutOfBoundsException -->
          <reporter-output>
          </reporter-output>
        </test-method> <!-- linkOpen -->
        <test-method is-config="true" signature="tearDown()[pri:0, instance:com.amazon.TestClasses.OpenLinkTestClass@71def8f8]" started-at="2022-05-05T01:38:54 IST" name="tearDown" finished-at="2022-05-05T01:38:55 IST" duration-ms="1161" status="PASS">
          <reporter-output>
          </reporter-output>
        </test-method> <!-- tearDown -->
        <test-method is-config="true" signature="setUpMethod()[pri:0, instance:com.amazon.TestClasses.OpenLinkTestClass@71def8f8]" started-at="2022-05-05T01:38:55 IST" name="setUpMethod" finished-at="2022-05-05T01:39:21 IST" duration-ms="26386" status="PASS">
          <reporter-output>
          </reporter-output>
        </test-method> <!-- setUpMethod -->
        <test-method signature="linkOpen(java.lang.String)[pri:0, instance:com.amazon.TestClasses.OpenLinkTestClass@71def8f8]" started-at="2022-05-05T01:39:21 IST" name="linkOpen" data-provider="LinkName" finished-at="2022-05-05T01:39:29 IST" duration-ms="7122" status="PASS">
          <params>
            <param index="0">
              <value>
                <![CDATA[Amazon Assistant Download]]>
              </value>
            </param>
          </params>
          <reporter-output>
          </reporter-output>
        </test-method> <!-- linkOpen -->
        <test-method is-config="true" signature="tearDown()[pri:0, instance:com.amazon.TestClasses.OpenLinkTestClass@71def8f8]" started-at="2022-05-05T01:39:29 IST" name="tearDown" finished-at="2022-05-05T01:39:30 IST" duration-ms="1394" status="PASS">
          <reporter-output>
          </reporter-output>
        </test-method> <!-- tearDown -->
        <test-method is-config="true" signature="setUpMethod()[pri:0, instance:com.amazon.TestClasses.OpenLinkTestClass@71def8f8]" started-at="2022-05-05T01:39:30 IST" name="setUpMethod" finished-at="2022-05-05T01:39:53 IST" duration-ms="23395" status="PASS">
          <reporter-output>
          </reporter-output>
        </test-method> <!-- setUpMethod -->
        <test-method signature="linkOpen(java.lang.String)[pri:0, instance:com.amazon.TestClasses.OpenLinkTestClass@71def8f8]" started-at="2022-05-05T01:39:53 IST" name="linkOpen" data-provider="LinkName" finished-at="2022-05-05T01:39:59 IST" duration-ms="5243" status="PASS">
          <params>
            <param index="0">
              <value>
                <![CDATA[Help]]>
              </value>
            </param>
          </params>
          <reporter-output>
          </reporter-output>
        </test-method> <!-- linkOpen -->
        <test-method is-config="true" signature="tearDown()[pri:0, instance:com.amazon.TestClasses.OpenLinkTestClass@71def8f8]" started-at="2022-05-05T01:39:59 IST" name="tearDown" finished-at="2022-05-05T01:40:00 IST" duration-ms="1104" status="PASS">
          <reporter-output>
          </reporter-output>
        </test-method> <!-- tearDown -->
      </class> <!-- com.amazon.TestClasses.OpenLinkTestClass -->
    </test> <!-- Default test -->
  </suite> <!-- Default suite -->
</testng-results>
